# JRE version: OpenJDK Runtime Environment (8.0_161-b12) (build 1.8.0_161-b12)
# Java VM: OpenJDK Server VM (25.161-b12 mixed mode linux-x86 )
Heap:
 def new generation   total 37248K, used 0K [0x97600000, 0x99e60000, 0x9c950000)
  eden space 33152K,   0% used [0x97600000, 0x97600000, 0x99660000)
  from space 4096K,   0% used [0x99660000, 0x99660000, 0x99a60000)
  to   space 4096K,   0% used [0x99a60000, 0x99a60000, 0x99e60000)
 tenured generation   total 82636K, used 41192K [0x9c950000, 0xa1a03000, 0xa7000000)
   the space 82636K,  49% used [0x9c950000, 0x9f18a178, 0x9f18a200, 0xa1a03000)
 Metaspace       used 1859K, capacity 2206K, committed 2328K, reserved 4400K
GC Heap History (10 events):
Event: 0.639 GC heap before
{Heap before GC invocations=0 (full 0):
 def new generation   total 4928K, used 3050K [0x97600000, 0x97b50000, 0x9c950000)
  eden space 4416K,  69% used [0x97600000, 0x978fa9d0, 0x97a50000)
  from space 512K,   0% used [0x97a50000, 0x97a50000, 0x97ad0000)
  to   space 512K,   0% used [0x97ad0000, 0x97ad0000, 0x97b50000)
 tenured generation   total 10944K, used 0K [0x9c950000, 0x9d400000, 0xa7000000)
   the space 10944K,   0% used [0x9c950000, 0x9c950000, 0x9c950200, 0x9d400000)
 Metaspace       used 1851K, capacity 2206K, committed 2328K, reserved 4400K
Event: 0.646 GC heap after
Heap after GC invocations=1 (full 0):
 def new generation   total 4928K, used 257K [0x97600000, 0x97b50000, 0x9c950000)
  eden space 4416K,   0% used [0x97600000, 0x97600000, 0x97a50000)
  from space 512K,  50% used [0x97ad0000, 0x97b10798, 0x97b50000)
  to   space 512K,   0% used [0x97a50000, 0x97a50000, 0x97ad0000)
 tenured generation   total 10944K, used 1280K [0x9c950000, 0x9d400000, 0xa7000000)
   the space 10944K,  11% used [0x9c950000, 0x9ca90008, 0x9ca90200, 0x9d400000)
 Metaspace       used 1851K, capacity 2206K, committed 2328K, reserved 4400K
}
Event: 0.688 GC heap before
{Heap before GC invocations=1 (full 0):
 def new generation   total 4928K, used 2817K [0x97600000, 0x97b50000, 0x9c950000)
  eden space 4416K,  57% used [0x97600000, 0x97880008, 0x97a50000)
  from space 512K,  50% used [0x97ad0000, 0x97b10798, 0x97b50000)
  to   space 512K,   0% used [0x97a50000, 0x97a50000, 0x97ad0000)
 tenured generation   total 10944K, used 6400K [0x9c950000, 0x9d400000, 0xa7000000)
   the space 10944K,  58% used [0x9c950000, 0x9cf90010, 0x9cf90200, 0x9d400000)
 Metaspace       used 1857K, capacity 2206K, committed 2328K, reserved 4400K
Event: 0.702 GC heap after
Heap after GC invocations=2 (full 1):
 def new generation   total 4992K, used 0K [0x97600000, 0x97b60000, 0x9c950000)
  eden space 4480K,   0% used [0x97600000, 0x97600000, 0x97a60000)
  from space 512K,   0% used [0x97a60000, 0x97a60000, 0x97ae0000)
  to   space 512K,   0% used [0x97ae0000, 0x97ae0000, 0x97b60000)
 tenured generation   total 10944K, used 5376K [0x9c950000, 0x9d400000, 0xa7000000)
   the space 10944K,  49% used [0x9c950000, 0x9ce90290, 0x9ce90400, 0x9d400000)
 Metaspace       used 1857K, capacity 2206K, committed 2328K, reserved 4400K
}
Event: 0.750 GC heap before
{Heap before GC invocations=2 (full 1):
 def new generation   total 4992K, used 44K [0x97600000, 0x97b60000, 0x9c950000)
  eden space 4480K,   1% used [0x97600000, 0x9760b340, 0x97a60000)
  from space 512K,   0% used [0x97a60000, 0x97a60000, 0x97ae0000)
  to   space 512K,   0% used [0x97ae0000, 0x97ae0000, 0x97b60000)
 tenured generation   total 21188K, used 15616K [0x9c950000, 0x9de01000, 0xa7000000)
   the space 21188K,  73% used [0x9c950000, 0x9d890298, 0x9d890400, 0x9de01000)
 Metaspace       used 1859K, capacity 2206K, committed 2328K, reserved 4400K
Event: 0.773 GC heap after
Heap after GC invocations=3 (full 2):
 def new generation   total 9600K, used 0K [0x97600000, 0x98060000, 0x9c950000)
  eden space 8576K,   0% used [0x97600000, 0x97600000, 0x97e60000)
  from space 1024K,   0% used [0x97e60000, 0x97e60000, 0x97f60000)
  to   space 1024K,   0% used [0x97f60000, 0x97f60000, 0x98060000)
 tenured generation   total 21188K, used 10472K [0x9c950000, 0x9de01000, 0xa7000000)
   the space 21188K,  49% used [0x9c950000, 0x9d38a1d8, 0x9d38a200, 0x9de01000)
 Metaspace       used 1859K, capacity 2206K, committed 2328K, reserved 4400K
}
Event: 0.892 GC heap before
{Heap before GC invocations=3 (full 2):
 def new generation   total 9600K, used 0K [0x97600000, 0x98060000, 0x9c950000)
  eden space 8576K,   0% used [0x97600000, 0x97600010, 0x97e60000)
  from space 1024K,   0% used [0x97e60000, 0x97e60000, 0x97f60000)
  to   space 1024K,   0% used [0x97f60000, 0x97f60000, 0x98060000)
 tenured generation   total 41672K, used 30952K [0x9c950000, 0x9f202000, 0xa7000000)
   the space 41672K,  74% used [0x9c950000, 0x9e78a1e0, 0x9e78a200, 0x9f202000)
 Metaspace       used 1859K, capacity 2206K, committed 2328K, reserved 4400K
Event: 0.942 GC heap after
Heap after GC invocations=4 (full 3):
 def new generation   total 18816K, used 0K [0x97600000, 0x98a60000, 0x9c950000)
  eden space 16768K,   0% used [0x97600000, 0x97600000, 0x98660000)
  from space 2048K,   0% used [0x98660000, 0x98660000, 0x98860000)
  to   space 2048K,   0% used [0x98860000, 0x98860000, 0x98a60000)
 tenured generation   total 41672K, used 20712K [0x9c950000, 0x9f202000, 0xa7000000)
   the space 41672K,  49% used [0x9c950000, 0x9dd8a1d8, 0x9dd8a200, 0x9f202000)
 Metaspace       used 1859K, capacity 2206K, committed 2328K, reserved 4400K
}
Event: 1.174 GC heap before
{Heap before GC invocations=4 (full 3):
 def new generation   total 18816K, used 0K [0x97600000, 0x98a60000, 0x9c950000)
  eden space 16768K,   0% used [0x97600000, 0x97600000, 0x98660000)
  from space 2048K,   0% used [0x98660000, 0x98660000, 0x98860000)
  to   space 2048K,   0% used [0x98860000, 0x98860000, 0x98a60000)
 tenured generation   total 82636K, used 61672K [0x9c950000, 0xa1a03000, 0xa7000000)
   the space 82636K,  74% used [0x9c950000, 0xa058a1e0, 0xa058a200, 0xa1a03000)
 Metaspace       used 1859K, capacity 2206K, committed 2328K, reserved 4400K
Event: 1.244 GC heap after
Heap after GC invocations=5 (full 4):
 def new generation   total 37248K, used 0K [0x97600000, 0x99e60000, 0x9c950000)
  eden space 33152K,   0% used [0x97600000, 0x97600000, 0x99660000)
  from space 4096K,   0% used [0x99660000, 0x99660000, 0x99a60000)
  to   space 4096K,   0% used [0x99a60000, 0x99a60000, 0x99e60000)
 tenured generation   total 82636K, used 41192K [0x9c950000, 0xa1a03000, 0xa7000000)
   the space 82636K,  49% used [0x9c950000, 0x9f18a178, 0x9f18a200, 0xa1a03000)
 Metaspace       used 1859K, capacity 2206K, committed 2328K, reserved 4400K
}

